<?xml version="1.0" encoding="UTF-8"?>
<!-- Generated by org.testng.reporters.JUnitReportReporter -->
<testsuite skipped="0" hostname="DESKTOP-27L8JE7" name="com.project.December2020MavenBuild.TNG_002" tests="1" failures="0" timestamp="30 Dec 2020 02:28:37 GMT" time="45.639" errors="0">
  <testcase name="amazon" time="45.639" classname="com.project.December2020MavenBuild.TNG_002"/>
</testsuite> <!-- com.project.December2020MavenBuild.TNG_002 -->
